<?xml version="1.0" encoding="UTF-8"?>
<!-- Generated by org.testng.reporters.JUnitReportReporter -->
<testsuite hostname="DESKTOP-V3I0TVA" failures="0" tests="1" name="SampleTest" time="30.052" errors="0" timestamp="2024-04-06T17:44:32 IST" skipped="0">
  <testcase classname="SampleTest" name="testFormSubmission" time="30.052"/>
</testsuite> <!-- SampleTest -->
